# JRE version: Java(TM) SE Runtime Environment (8.0_241-b07) (build 1.8.0_241-b07)
# Java VM: Java HotSpot(TM) 64-Bit Server VM (25.241-b07 mixed mode windows-amd64 compressed oops)
Heap:
 PSYoungGen      total 95744K, used 17899K [0x00000000f5580000, 0x00000000fc280000, 0x0000000100000000)
  eden space 87040K, 11% used [0x00000000f5580000,0x00000000f5f918c8,0x00000000faa80000)
  from space 8704K, 87% used [0x00000000fb380000,0x00000000fbae9358,0x00000000fbc00000)
  to   space 9216K, 0% used [0x00000000faa80000,0x00000000faa80000,0x00000000fb380000)
 ParOldGen       total 50176K, used 6119K [0x00000000e0000000, 0x00000000e3100000, 0x00000000f5580000)
  object space 50176K, 12% used [0x00000000e0000000,0x00000000e05f9e98,0x00000000e3100000)
 Metaspace       used 29818K, capacity 30920K, committed 31104K, reserved 1077248K
  class space    used 3948K, capacity 4194K, committed 4224K, reserved 1048576K
GC Heap History (10 events):
Event: 4.011 GC heap before
{Heap before GC invocations=5 (full 0):
 PSYoungGen      total 36864K, used 14921K [0x00000000f5580000, 0x00000000f9d80000, 0x0000000100000000)
  eden space 31744K, 30% used [0x00000000f5580000,0x00000000f5f14618,0x00000000f7480000)
  from space 5120K, 99% used [0x00000000f7980000,0x00000000f7e7def8,0x00000000f7e80000)
  to   space 5120K, 0% used [0x00000000f7480000,0x00000000f7480000,0x00000000f7980000)
 ParOldGen       total 84992K, used 5327K [0x00000000e0000000, 0x00000000e5300000, 0x00000000f5580000)
  object space 84992K, 6% used [0x00000000e0000000,0x00000000e0533ee0,0x00000000e5300000)
 Metaspace       used 20514K, capacity 21116K, committed 21248K, reserved 1067008K
  class space    used 2783K, capacity 2948K, committed 3072K, reserved 1048576K
Event: 4.017 GC heap after
Heap after GC invocations=5 (full 0):
 PSYoungGen      total 36864K, used 5095K [0x00000000f5580000, 0x00000000fa280000, 0x0000000100000000)
  eden space 31744K, 0% used [0x00000000f5580000,0x00000000f5580000,0x00000000f7480000)
  from space 5120K, 99% used [0x00000000f7480000,0x00000000f7979ec8,0x00000000f7980000)
  to   space 7680K, 0% used [0x00000000f9b00000,0x00000000f9b00000,0x00000000fa280000)
 ParOldGen       total 84992K, used 6256K [0x00000000e0000000, 0x00000000e5300000, 0x00000000f5580000)
  object space 84992K, 7% used [0x00000000e0000000,0x00000000e061c198,0x00000000e5300000)
 Metaspace       used 20514K, capacity 21116K, committed 21248K, reserved 1067008K
  class space    used 2783K, capacity 2948K, committed 3072K, reserved 1048576K
}
Event: 4.017 GC heap before
{Heap before GC invocations=6 (full 1):
 PSYoungGen      total 36864K, used 5095K [0x00000000f5580000, 0x00000000fa280000, 0x0000000100000000)
  eden space 31744K, 0% used [0x00000000f5580000,0x00000000f5580000,0x00000000f7480000)
  from space 5120K, 99% used [0x00000000f7480000,0x00000000f7979ec8,0x00000000f7980000)
  to   space 7680K, 0% used [0x00000000f9b00000,0x00000000f9b00000,0x00000000fa280000)
 ParOldGen       total 84992K, used 6256K [0x00000000e0000000, 0x00000000e5300000, 0x00000000f5580000)
  object space 84992K, 7% used [0x00000000e0000000,0x00000000e061c198,0x00000000e5300000)
 Metaspace       used 20514K, capacity 21116K, committed 21248K, reserved 1067008K
  class space    used 2783K, capacity 2948K, committed 3072K, reserved 1048576K
Event: 4.054 GC heap after
Heap after GC invocations=6 (full 1):
 PSYoungGen      total 36864K, used 0K [0x00000000f5580000, 0x00000000fa280000, 0x0000000100000000)
  eden space 31744K, 0% used [0x00000000f5580000,0x00000000f5580000,0x00000000f7480000)
  from space 5120K, 0% used [0x00000000f7480000,0x00000000f7480000,0x00000000f7980000)
  to   space 7680K, 0% used [0x00000000f9b00000,0x00000000f9b00000,0x00000000fa280000)
 ParOldGen       total 50176K, used 6031K [0x00000000e0000000, 0x00000000e3100000, 0x00000000f5580000)
  object space 50176K, 12% used [0x00000000e0000000,0x00000000e05e3e88,0x00000000e3100000)
 Metaspace       used 20514K, capacity 21116K, committed 21248K, reserved 1067008K
  class space    used 2783K, capacity 2948K, committed 3072K, reserved 1048576K
}
Event: 4.386 GC heap before
{Heap before GC invocations=7 (full 1):
 PSYoungGen      total 36864K, used 31727K [0x00000000f5580000, 0x00000000fa280000, 0x0000000100000000)
  eden space 31744K, 99% used [0x00000000f5580000,0x00000000f747bd28,0x00000000f7480000)
  from space 5120K, 0% used [0x00000000f7480000,0x00000000f7480000,0x00000000f7980000)
  to   space 7680K, 0% used [0x00000000f9b00000,0x00000000f9b00000,0x00000000fa280000)
 ParOldGen       total 50176K, used 6031K [0x00000000e0000000, 0x00000000e3100000, 0x00000000f5580000)
  object space 50176K, 12% used [0x00000000e0000000,0x00000000e05e3e88,0x00000000e3100000)
 Metaspace       used 22710K, capacity 23426K, committed 23680K, reserved 1069056K
  class space    used 3005K, capacity 3189K, committed 3200K, reserved 1048576K
Event: 4.389 GC heap after
Heap after GC invocations=7 (full 1):
 PSYoungGen      total 56832K, used 3155K [0x00000000f5580000, 0x00000000f9e80000, 0x0000000100000000)
  eden space 53248K, 0% used [0x00000000f5580000,0x00000000f5580000,0x00000000f8980000)
  from space 3584K, 88% used [0x00000000f9b00000,0x00000000f9e14ce8,0x00000000f9e80000)
  to   space 8704K, 0% used [0x00000000f8d80000,0x00000000f8d80000,0x00000000f9600000)
 ParOldGen       total 50176K, used 6039K [0x00000000e0000000, 0x00000000e3100000, 0x00000000f5580000)
  object space 50176K, 12% used [0x00000000e0000000,0x00000000e05e5e88,0x00000000e3100000)
 Metaspace       used 22710K, capacity 23426K, committed 23680K, reserved 1069056K
  class space    used 3005K, capacity 3189K, committed 3200K, reserved 1048576K
}
Event: 4.831 GC heap before
{Heap before GC invocations=8 (full 1):
 PSYoungGen      total 56832K, used 56403K [0x00000000f5580000, 0x00000000f9e80000, 0x0000000100000000)
  eden space 53248K, 100% used [0x00000000f5580000,0x00000000f8980000,0x00000000f8980000)
  from space 3584K, 88% used [0x00000000f9b00000,0x00000000f9e14ce8,0x00000000f9e80000)
  to   space 8704K, 0% used [0x00000000f8d80000,0x00000000f8d80000,0x00000000f9600000)
 ParOldGen       total 50176K, used 6039K [0x00000000e0000000, 0x00000000e3100000, 0x00000000f5580000)
  object space 50176K, 12% used [0x00000000e0000000,0x00000000e05e5e88,0x00000000e3100000)
 Metaspace       used 24873K, capacity 25614K, committed 25856K, reserved 1071104K
  class space    used 3298K, capacity 3489K, committed 3584K, reserved 1048576K
Event: 4.836 GC heap after
Heap after GC invocations=8 (full 1):
 PSYoungGen      total 66048K, used 4034K [0x00000000f5580000, 0x00000000fbc00000, 0x0000000100000000)
  eden space 57344K, 0% used [0x00000000f5580000,0x00000000f5580000,0x00000000f8d80000)
  from space 8704K, 46% used [0x00000000f8d80000,0x00000000f9170868,0x00000000f9600000)
  to   space 8704K, 0% used [0x00000000fb380000,0x00000000fb380000,0x00000000fbc00000)
 ParOldGen       total 50176K, used 6047K [0x00000000e0000000, 0x00000000e3100000, 0x00000000f5580000)
  object space 50176K, 12% used [0x00000000e0000000,0x00000000e05e7e88,0x00000000e3100000)
 Metaspace       used 24873K, capacity 25614K, committed 25856K, reserved 1071104K
  class space    used 3298K, capacity 3489K, committed 3584K, reserved 1048576K
}
Event: 6.124 GC heap before
{Heap before GC invocations=9 (full 1):
 PSYoungGen      total 66048K, used 61378K [0x00000000f5580000, 0x00000000fbc00000, 0x0000000100000000)
  eden space 57344K, 100% used [0x00000000f5580000,0x00000000f8d80000,0x00000000f8d80000)
  from space 8704K, 46% used [0x00000000f8d80000,0x00000000f9170868,0x00000000f9600000)
  to   space 8704K, 0% used [0x00000000fb380000,0x00000000fb380000,0x00000000fbc00000)
 ParOldGen       total 50176K, used 6047K [0x00000000e0000000, 0x00000000e3100000, 0x00000000f5580000)
  object space 50176K, 12% used [0x00000000e0000000,0x00000000e05e7e88,0x00000000e3100000)
 Metaspace       used 29418K, capacity 30502K, committed 30592K, reserved 1075200K
  class space    used 3883K, capacity 4139K, committed 4224K, reserved 1048576K
Event: 6.139 GC heap after
Heap after GC invocations=9 (full 1):
 PSYoungGen      total 95744K, used 7588K [0x00000000f5580000, 0x00000000fc280000, 0x0000000100000000)
  eden space 87040K, 0% used [0x00000000f5580000,0x00000000f5580000,0x00000000faa80000)
  from space 8704K, 87% used [0x00000000fb380000,0x00000000fbae9358,0x00000000fbc00000)
  to   space 9216K, 0% used [0x00000000faa80000,0x00000000faa80000,0x00000000fb380000)
 ParOldGen       total 50176K, used 6119K [0x00000000e0000000, 0x00000000e3100000, 0x00000000f5580000)
  object space 50176K, 12% used [0x00000000e0000000,0x00000000e05f9e98,0x00000000e3100000)
 Metaspace       used 29418K, capacity 30502K, committed 30592K, reserved 1075200K
  class space    used 3883K, capacity 4139K, committed 4224K, reserved 1048576K
}

